<?xml version="1.0" encoding="UTF-8"?>
<!-- Generated by org.testng.reporters.JUnitXMLReporter -->
<testsuite ignored="0" hostname="CDC2-L-138LY8D" failures="0" tests="8" name="Default test" time="0.051" errors="0" timestamp="2022-08-20T13:19:52 IST">
  <testcase classname="testNG.DataProviderExample" name="TestFact" time="0.007"/>
  <testcase classname="testNG.DataProviderExample" name="TestFact" time="0.001"/>
  <testcase classname="testNG.DataProviderExample" name="getDP" time="0.001"/>
  <testcase classname="testNG.DataProviderExample" name="getDP" time="0.001"/>
  <testcase classname="testNG.DataProviderExample" name="getDP" time="0.0"/>
  <testcase classname="testNG.DataProviderExample" name="getDP" time="0.001"/>
  <testcase classname="testNG.DataProviderExample" name="getDP" time="0.0"/>
  <testcase classname="testNG.DataProviderExample" name="getDP" time="0.0"/>
</testsuite> <!-- Default test -->
