<?xml version="1.0" encoding="UTF-8"?>
<testng-results ignored="0" total="2" passed="2" failed="0" skipped="0">
  <reporter-output>
  </reporter-output>
  <suite started-at="2022-08-20T13:32:50 IST" name="Test Suite" finished-at="2022-08-20T13:32:58 IST" duration-ms="8140">
    <groups>
    </groups>
    <test started-at="2022-08-20T13:32:50 IST" name="Test Cases" finished-at="2022-08-20T13:32:58 IST" duration-ms="8140">
      <class name="testNG.ExampleForParallelTesting">
        <test-method signature="openGoogle()[pri:0, instance:testNG.ExampleForParallelTesting@5136d012]" started-at="2022-08-20T13:32:50 IST" name="openGoogle" finished-at="2022-08-20T13:32:58 IST" duration-ms="8101" status="PASS">
          <reporter-output>
          </reporter-output>
        </test-method> <!-- openGoogle -->
        <test-method signature="openBing()[pri:0, instance:testNG.ExampleForParallelTesting@5136d012]" started-at="2022-08-20T13:32:50 IST" name="openBing" finished-at="2022-08-20T13:32:55 IST" duration-ms="4844" status="PASS">
          <reporter-output>
          </reporter-output>
        </test-method> <!-- openBing -->
      </class> <!-- testNG.ExampleForParallelTesting -->
    </test> <!-- Test Cases -->
  </suite> <!-- Test Suite -->
</testng-results>
